\BOOKMARK [0][-]{dummy.4}{\376\377\000A\000b\000s\000t\000r\000a\000c\000t}{}% 1
\BOOKMARK [0][-]{dummy.5}{\376\377\000A\000c\000k\000n\000o\000w\000l\000e\000d\000g\000e\000m\000e\000n\000t\000s}{}% 2
\BOOKMARK [0][-]{dummy.6}{\376\377\000C\000o\000n\000t\000e\000n\000t\000s}{}% 3
\BOOKMARK [0][-]{dummy.8}{\376\377\000L\000i\000s\000t\000\040\000o\000f\000\040\000F\000i\000g\000u\000r\000e\000s}{}% 4
\BOOKMARK [0][-]{chapter.10}{\376\377\0001\000\040\000I\000n\000t\000r\000o\000d\000u\000c\000t\000i\000o\000n}{}% 5
\BOOKMARK [1][-]{section.11}{\376\377\0001\000.\0001\000\040\000R\000i\000s\000e\000\040\000o\000f\000\040\000U\000n\000m\000a\000n\000n\000e\000d\000\040\000A\000e\000r\000i\000a\000l\000\040\000V\000e\000h\000i\000c\000l\000e\000s}{chapter.10}% 6
\BOOKMARK [1][-]{section.12}{\376\377\0001\000.\0002\000\040\000T\000h\000e\000\040\000C\000h\000a\000l\000l\000e\000n\000g\000e\000\040\000o\000f\000\040\000C\000o\000m\000m\000u\000n\000i\000c\000a\000t\000i\000o\000n\000s\000\040\000i\000n\000\040\000U\000A\000V\000\040\000s\000w\000a\000r\000m\000s}{chapter.10}% 7
\BOOKMARK [1][-]{section.14}{\376\377\0001\000.\0003\000\040\000M\000o\000t\000i\000v\000a\000t\000i\000o\000n\000\040\000a\000n\000d\000\040\000t\000h\000e\000\040\000C\000u\000r\000r\000e\000n\000t\000\040\000W\000o\000r\000k}{chapter.10}% 8
\BOOKMARK [1][-]{section.15}{\376\377\0001\000.\0004\000\040\000O\000r\000g\000a\000n\000i\000z\000a\000i\000t\000o\000n\000\040\000o\000f\000\040\000t\000h\000e\000\040\000t\000h\000e\000s\000i\000s}{chapter.10}% 9
\BOOKMARK [0][-]{chapter.16}{\376\377\0002\000\040\000T\000h\000e\000\040\000M\000e\000s\000h\000\040\000A\000r\000c\000h\000i\000t\000e\000c\000t\000u\000r\000e}{}% 10
\BOOKMARK [1][-]{section.17}{\376\377\0002\000.\0001\000\040\000I\000E\000E\000E\000\040\0008\0000\0002\000.\0001\0001\000s}{chapter.16}% 11
\BOOKMARK [2][-]{subsection.19}{\376\377\0002\000.\0001\000.\0001\000\040\000R\000o\000u\000t\000i\000n\000g\000\040\000i\000n\000\040\0008\0000\0002\000.\0001\0001\000s}{section.17}% 12
\BOOKMARK [2][-]{subsection.20}{\376\377\0002\000.\0001\000.\0002\000\040\000o\000p\000e\000n\0008\0000\0002\0001\0001\000s}{section.17}% 13
\BOOKMARK [1][-]{section.22}{\376\377\0002\000.\0002\000\040\000I\000m\000p\000l\000e\000m\000e\000n\000t\000a\000t\000i\000o\000n}{chapter.16}% 14
\BOOKMARK [2][-]{subsection.24}{\376\377\0002\000.\0002\000.\0001\000\040\000O\000p\000e\000n\000W\000r\000t}{section.22}% 15
\BOOKMARK [2][-]{subsection.26}{\376\377\0002\000.\0002\000.\0002\000\040\000H\000a\000r\000d\000w\000a\000r\000e}{section.22}% 16
\BOOKMARK [3][-]{subsubsection.27}{\376\377\0002\000.\0002\000.\0002\000.\0001\000\040\000T\000p\000-\000L\000i\000n\000k\000\040\000W\000R\0009\0000\0002\000A\000C}{subsection.26}% 17
\BOOKMARK [3][-]{subsubsection.29}{\376\377\0002\000.\0002\000.\0002\000.\0002\000\040\000A\000l\000f\000a\000\040\000T\000u\000b\000e\000\040\0002\000H}{subsection.26}% 18
\BOOKMARK [2][-]{subsection.31}{\376\377\0002\000.\0002\000.\0003\000\040\000N\000e\000t\000w\000o\000r\000k\000\040\000C\000o\000n\000f\000i\000g\000u\000r\000a\000t\000i\000o\000n}{section.22}% 19
\BOOKMARK [3][-]{subsubsection.32}{\376\377\0002\000.\0002\000.\0003\000.\0001\000\040\000L\000U\000C\000I}{subsection.31}% 20
\BOOKMARK [3][-]{subsubsection.34}{\376\377\0002\000.\0002\000.\0003\000.\0002\000\040\0008\0000\0002\000.\0001\0001\000s\000\040\000m\000e\000s\000h\000\040\000c\000o\000n\000f\000i\000g\000u\000r\000a\000t\000i\000o\000n}{subsection.31}% 21
\BOOKMARK [3][-]{subsubsection.35}{\376\377\0002\000.\0002\000.\0003\000.\0003\000\040\000R\000o\000u\000t\000i\000n\000g\000\040\000p\000r\000o\000t\000o\000c\000o\000l\000s}{subsection.31}% 22
\BOOKMARK [3][-]{subsubsection.36}{\376\377\0002\000.\0002\000.\0003\000.\0004\000\040\000M\000e\000s\000h\000\040\000n\000e\000t\000w\000o\000r\000k\000s\000\040\000a\000m\000o\000n\000g\000\040\000t\000h\000e\000\040\000h\000o\000s\000t\000\040\000m\000a\000c\000h\000i\000n\000e\000s}{subsection.31}% 23
\BOOKMARK [1][-]{section.38}{\376\377\0002\000.\0003\000\040\000I\000n\000t\000e\000g\000r\000a\000t\000i\000o\000n\000\040\000w\000i\000t\000h\000\040\000R\000O\000S}{chapter.16}% 24
\BOOKMARK [2][-]{subsection.40}{\376\377\0002\000.\0003\000.\0001\000\040\000M\000u\000l\000t\000i\000m\000a\000s\000t\000e\000r\000\137\000f\000k\000i\000e}{section.38}% 25
\BOOKMARK [3][-]{subsubsection.41}{\376\377\0002\000.\0003\000.\0001\000.\0001\000\040\000m\000a\000s\000t\000e\000r\000\137\000d\000i\000s\000c\000o\000v\000e\000r\000y}{subsection.40}% 26
\BOOKMARK [3][-]{subsubsection.42}{\376\377\0002\000.\0003\000.\0001\000.\0002\000\040\000m\000a\000s\000t\000e\000r\000\137\000s\000y\000n\000c}{subsection.40}% 27
\BOOKMARK [0][-]{chapter.43}{\376\377\0003\000\040\000L\000o\000n\000g\000\040\000R\000a\000n\000g\000e\000\040\000C\000o\000m\000m\000u\000n\000i\000c\000a\000t\000i\000o\000n\000\040\000A\000r\000c\000h\000i\000t\000e\000c\000t\000u\000r\000e}{}% 28
\BOOKMARK [1][-]{section.44}{\376\377\0003\000.\0001\000\040\000H\000a\000r\000d\000w\000a\000r\000e}{chapter.43}% 29
\BOOKMARK [2][-]{subsection.45}{\376\377\0003\000.\0001\000.\0001\000\040\000R\000F\000D\0009\0000\0000\000X}{section.44}% 30
\BOOKMARK [3][-]{subsubsection.47}{\376\377\0003\000.\0001\000.\0001\000.\0001\000\040\000P\000e\000e\000r\000\040\000t\000o\000\040\000P\000e\000e\000r\000\040\000F\000i\000r\000m\000w\000a\000r\000e}{subsection.45}% 31
\BOOKMARK [3][-]{subsubsection.49}{\376\377\0003\000.\0001\000.\0001\000.\0002\000\040\000S\000y\000n\000c\000h\000r\000o\000n\000o\000u\000s\000\040\000M\000e\000s\000h\000\040\000F\000i\000r\000m\000w\000a\000r\000e}{subsection.45}% 32
\BOOKMARK [3][-]{subsubsection.51}{\376\377\0003\000.\0001\000.\0001\000.\0003\000\040\000A\000s\000y\000n\000c\000h\000r\000o\000n\000o\000u\000s\000\040\000M\000e\000s\000h\000\040\000F\000i\000r\000m\000w\000a\000r\000e}{subsection.45}% 33
\BOOKMARK [1][-]{section.53}{\376\377\0003\000.\0002\000\040\000A\000r\000c\000h\000i\000t\000e\000c\000t\000u\000r\000e\000\040\000a\000n\000d\000\040\000I\000n\000t\000e\000g\000r\000a\000t\000i\000o\000n\000\040\000w\000i\000t\000h\000\040\000R\000O\000S}{chapter.43}% 34
\BOOKMARK [2][-]{subsection.54}{\376\377\0003\000.\0002\000.\0001\000\040\000R\000O\000S}{section.53}% 35
\BOOKMARK [3][-]{subsubsection.55}{\376\377\0003\000.\0002\000.\0001\000.\0001\000\040\000s\000e\000r\000i\000a\000l\000r\000o\000s}{subsection.54}% 36
\BOOKMARK [2][-]{subsection.57}{\376\377\0003\000.\0002\000.\0002\000\040\000S\000t\000a\000t\000i\000c\000\040\000L\000e\000a\000d\000e\000r}{section.53}% 37
\BOOKMARK [2][-]{subsection.59}{\376\377\0003\000.\0002\000.\0003\000\040\000D\000y\000n\000a\000m\000i\000c\000\040\000L\000e\000a\000d\000e\000r}{section.53}% 38
\BOOKMARK [3][-]{subsubsection.61}{\376\377\0003\000.\0002\000.\0003\000.\0001\000\040\000l\000i\000n\000k\000\137\000s\000t\000a\000t\000u\000s}{subsection.59}% 39
\BOOKMARK [3][-]{subsubsection.62}{\376\377\0003\000.\0002\000.\0003\000.\0002\000\040\000g\000e\000t\000\137\000l\000e\000a\000d\000e\000r\000\040\000s\000e\000r\000v\000i\000c\000e}{subsection.59}% 40
\BOOKMARK [3][-]{subsubsection.63}{\376\377\0003\000.\0002\000.\0003\000.\0003\000\040\000u\000a\000v\000.\000p\000y}{subsection.59}% 41
\BOOKMARK [3][-]{subsubsection.65}{\376\377\0003\000.\0002\000.\0003\000.\0004\000\040\000R\000F\000D\000\040\000c\000o\000n\000f\000i\000g\000u\000r\000a\000t\000i\000o\000n}{subsection.59}% 42
\BOOKMARK [0][-]{chapter.66}{\376\377\0004\000\040\000C\000o\000n\000c\000l\000u\000s\000i\000o\000n}{}% 43
\BOOKMARK [1][-]{section.67}{\376\377\0004\000.\0001\000\040\000F\000u\000t\000u\000r\000e\000\040\000W\000o\000r\000k}{chapter.66}% 44
\BOOKMARK [0][-]{dummy.68}{\376\377\000B\000i\000b\000l\000i\000o\000g\000r\000a\000p\000h\000y}{}% 45
